2025-02-12 17:18:11 - ERROR - Fetching additional metadata...
2025-02-12 17:18:35 - INFO - Index complete
2025-02-12 17:18:56 - WARN - Downloading media...
2025-02-12 17:18:59 - WARN - Processing batch 42/89...
2025-02-12 17:19:25 - WARN - Generating index for 158 embeddings...
2025-02-12 17:19:32 - WARN - Fetching additional metadata...
2025-02-12 17:19:42 - ERROR - Operation 149 complete
2025-02-12 17:19:48 - ERROR - Connection to server lost, retrying...
2025-02-12 17:19:58 - WARN - Downloading media...
2025-02-12 17:19:59 - WARN - Processing batch 199/121...
2025-02-12 17:20:16 - WARN - Running operation 31 (@voxel51/panels/compute_near_duplicates)
2025-02-12 17:20:25 - WARN - Connection to server lost, retrying...
2025-02-12 17:20:40 - WARN - Generating index for 151 embeddings...
2025-02-12 17:21:07 - WARN - Memory usage at 101%
2025-02-12 17:21:28 - ERROR - Processing error encountered: 56
2025-02-12 17:21:48 - ERROR - Processing batch 123/192...
2025-02-12 17:22:12 - WARN - Execution time exceeded threshold, optimizing...
2025-02-12 17:22:20 - WARN - Memory usage at 104%
2025-02-12 17:22:47 - WARN - Index complete
2025-02-12 17:22:54 - WARN - Fetching additional metadata...
2025-02-12 17:23:21 - INFO - Processing error encountered: 193
2025-02-12 17:23:51 - ERROR - Uploading results to cloud storage...
2025-02-12 17:24:15 - WARN - Running operation 119 (@voxel51/panels/compute_near_duplicates)
2025-02-12 17:24:19 - WARN - Memory usage at 171%
2025-02-12 17:24:47 - WARN - Processing batch 82/14...
2025-02-12 17:24:58 - INFO - Running operation 40 (@voxel51/panels/compute_near_duplicates)
2025-02-12 17:25:28 - WARN - Downloading media...
2025-02-12 17:25:33 - WARN - Downloading media...
2025-02-12 17:26:01 - WARN - Downloading media...
2025-02-12 17:26:09 - ERROR - Index complete
2025-02-12 17:26:18 - WARN - Running operation 2 (@voxel51/panels/compute_near_duplicates)
2025-02-12 17:26:35 - INFO - Fetching additional metadata...
2025-02-12 17:26:50 - WARN - 100% |███████| 117/82 [57.0s elapsed, 0s remaining, 5.3 samples/s]
2025-02-12 17:27:15 - WARN - Uploading results to cloud storage...
2025-02-12 17:27:40 - ERROR - Index complete
2025-02-12 17:27:46 - INFO - Flushing logs to gs://delegated-operator-logs/lanzhen-ephem/do_logs/39/175/59.log
2025-02-12 17:27:56 - INFO - Downloading media...
2025-02-12 17:28:26 - WARN - 100% |███████| 5/140 [45.0s elapsed, 0s remaining, 6.4 samples/s]
2025-02-12 17:28:50 - WARN - Processing batch 22/48...
2025-02-12 17:29:20 - WARN - Operation 81 complete
2025-02-12 17:29:45 - ERROR - Execution time exceeded threshold, optimizing...
2025-02-12 17:29:49 - ERROR - Fetching additional metadata...
2025-02-12 17:29:54 - INFO - Downloading media...
2025-02-12 17:30:00 - INFO - Memory usage at 169%
2025-02-12 17:30:25 - INFO - Downloading media...
2025-02-12 17:30:41 - WARN - Downloading media...
2025-02-12 17:31:05 - ERROR - Execution time exceeded threshold, optimizing...
2025-02-12 17:31:18 - INFO - Running operation 183 (@voxel51/panels/compute_near_duplicates)
2025-02-12 17:31:34 - ERROR - Processing error encountered: 13
2025-02-12 17:31:35 - WARN - Operation 33 complete
2025-02-12 17:31:49 - INFO - Connection to server lost, retrying...
2025-02-12 17:32:04 - WARN - Processing batch 52/124...
2025-02-12 17:32:08 - WARN - Flushing logs to gs://delegated-operator-logs/lanzhen-ephem/do_logs/150/187/36.log
2025-02-12 17:32:14 - ERROR - Memory usage at 196%
2025-02-12 17:32:33 - ERROR - Flushing logs to gs://delegated-operator-logs/lanzhen-ephem/do_logs/152/162/44.log
2025-02-12 17:32:57 - ERROR - Processing error encountered: 95
2025-02-12 17:33:10 - INFO - Computing embeddings...
2025-02-12 17:33:20 - ERROR - Flushing logs to gs://delegated-operator-logs/lanzhen-ephem/do_logs/59/124/21.log
2025-02-12 17:33:25 - WARN - Downloading media...
2025-02-12 17:33:38 - WARN - Downloading media...
2025-02-12 17:33:55 - ERROR - Flushing logs to gs://delegated-operator-logs/lanzhen-ephem/do_logs/177/81/38.log
2025-02-12 17:34:17 - INFO - Execution time exceeded threshold, optimizing...
2025-02-12 17:34:46 - INFO - 100% |███████| 163/52 [44.0s elapsed, 0s remaining, 18.1 samples/s]
2025-02-12 17:34:56 - WARN - Memory usage at 33%
2025-02-12 17:35:03 - WARN - Computing embeddings...
2025-02-12 17:35:27 - INFO - 100% |███████| 86/36 [43.0s elapsed, 0s remaining, 9.6 samples/s]
2025-02-12 17:35:57 - WARN - Processing error encountered: 124
2025-02-12 17:36:14 - INFO - Processing batch 7/176...
2025-02-12 17:36:33 - ERROR - Uploading results to cloud storage...
2025-02-12 17:37:00 - WARN - Uploading results to cloud storage...
2025-02-12 17:37:19 - INFO - Computing embeddings...
2025-02-12 17:37:48 - WARN - 100% |███████| 9/10 [23.0s elapsed, 0s remaining, 16.7 samples/s]
2025-02-12 17:38:08 - WARN - Flushing logs to gs://delegated-operator-logs/lanzhen-ephem/do_logs/5/9/48.log
2025-02-12 17:38:33 - WARN - Fetching additional metadata...
2025-02-12 17:39:01 - ERROR - Generating index for 139 embeddings...
2025-02-12 17:39:31 - WARN - Uploading results to cloud storage...
2025-02-12 17:39:58 - WARN - Generating index for 92 embeddings...
2025-02-12 17:40:16 - WARN - 100% |███████| 151/49 [12.0s elapsed, 0s remaining, 5.3 samples/s]
2025-02-12 17:40:20 - INFO - Memory usage at 17%
2025-02-12 17:40:32 - INFO - Index complete
2025-02-12 17:40:56 - ERROR - Memory usage at 22%
2025-02-12 17:41:19 - INFO - Memory usage at 9%
2025-02-12 17:41:48 - ERROR - Downloading media...
2025-02-12 17:41:55 - WARN - Generating index for 66 embeddings...
2025-02-12 17:42:03 - ERROR - Computing embeddings...
2025-02-12 17:42:25 - INFO - Operation 196 complete
2025-02-12 17:42:43 - ERROR - Generating index for 151 embeddings...
2025-02-12 17:43:06 - ERROR - Fetching additional metadata...
2025-02-12 17:43:17 - ERROR - Connection to server lost, retrying...
2025-02-12 17:43:39 - ERROR - Operation 89 complete
2025-02-12 17:43:50 - ERROR - Processing error encountered: 177
2025-02-12 17:44:05 - ERROR - Computing embeddings...
2025-02-12 17:44:29 - ERROR - Uploading results to cloud storage...
2025-02-12 17:44:39 - INFO - Operation 10 complete
2025-02-12 17:44:54 - ERROR - Flushing logs to gs://delegated-operator-logs/lanzhen-ephem/do_logs/87/142/9.log
2025-02-12 17:45:15 - INFO - Operation 127 complete
2025-02-12 17:45:19 - INFO - Flushing logs to gs://delegated-operator-logs/lanzhen-ephem/do_logs/23/66/2.log
2025-02-12 17:45:33 - ERROR - Flushing logs to gs://delegated-operator-logs/lanzhen-ephem/do_logs/173/111/14.log
2025-02-12 17:45:38 - INFO - Running operation 97 (@voxel51/panels/compute_near_duplicates)
2025-02-12 17:45:48 - ERROR - 100% |███████| 24/163 [16.0s elapsed, 0s remaining, 3.8 samples/s]
2025-02-12 17:46:14 - INFO - Processing error encountered: 64
2025-02-12 17:46:42 - INFO - Connection to server lost, retrying...
2025-02-12 17:47:09 - INFO - Memory usage at 40%
2025-02-12 17:47:13 - INFO - Connection to server lost, retrying...
2025-02-12 17:47:24 - ERROR - 100% |███████| 113/99 [59.0s elapsed, 0s remaining, 4.6 samples/s]
2025-02-12 17:47:26 - WARN - Processing batch 195/124...
2025-02-12 17:47:28 - ERROR - 100% |███████| 118/76 [12.0s elapsed, 0s remaining, 17.5 samples/s]
2025-02-12 17:47:54 - INFO - Computing embeddings...
2025-02-12 17:48:02 - WARN - Computing embeddings...
2025-02-12 17:48:05 - WARN - Fetching additional metadata...
2025-02-12 17:48:15 - WARN - 100% |███████| 33/1 [32.0s elapsed, 0s remaining, 17.9 samples/s]
2025-02-12 17:48:35 - INFO - Operation 114 complete
2025-02-12 17:48:57 - INFO - Processing error encountered: 17
2025-02-12 17:49:26 - INFO - 100% |███████| 115/144 [13.0s elapsed, 0s remaining, 12.0 samples/s]
2025-02-12 17:49:51 - WARN - Processing batch 67/67...
2025-02-12 17:50:05 - INFO - Running operation 101 (@voxel51/panels/compute_near_duplicates)
2025-02-12 17:50:34 - WARN - Memory usage at 155%
2025-02-12 17:50:39 - WARN - Connection to server lost, retrying...
2025-02-12 17:51:09 - INFO - Processing batch 14/103...
2025-02-12 17:51:22 - INFO - Flushing logs to gs://delegated-operator-logs/lanzhen-ephem/do_logs/11/160/27.log
2025-02-12 17:51:40 - WARN - Connection to server lost, retrying...
2025-02-12 17:51:48 - ERROR - Fetching additional metadata...
2025-02-12 17:52:10 - WARN - Connection to server lost, retrying...
2025-02-12 17:52:18 - INFO - Memory usage at 26%
2025-02-12 17:52:39 - INFO - Flushing logs to gs://delegated-operator-logs/lanzhen-ephem/do_logs/19/114/3.log
2025-02-12 17:53:00 - INFO - 100% |███████| 168/139 [24.0s elapsed, 0s remaining, 5.8 samples/s]
2025-02-12 17:53:19 - ERROR - Processing batch 137/200...
2025-02-12 17:53:24 - WARN - Flushing logs to gs://delegated-operator-logs/lanzhen-ephem/do_logs/88/190/53.log
2025-02-12 17:53:30 - WARN - Processing error encountered: 28
2025-02-12 17:53:40 - INFO - Fetching additional metadata...
2025-02-12 17:53:49 - INFO - Connection to server lost, retrying...
2025-02-12 17:54:11 - WARN - Running operation 199 (@voxel51/panels/compute_near_duplicates)
2025-02-12 17:54:25 - ERROR - 100% |███████| 54/167 [49.0s elapsed, 0s remaining, 19.1 samples/s]
2025-02-12 17:54:44 - INFO - Connection to server lost, retrying...
2025-02-12 17:54:57 - WARN - Flushing logs to gs://delegated-operator-logs/lanzhen-ephem/do_logs/22/116/13.log
2025-02-12 17:55:20 - INFO - Downloading media...
2025-02-12 17:55:22 - INFO - Processing batch 166/67...
2025-02-12 17:55:23 - INFO - Running operation 66 (@voxel51/panels/compute_near_duplicates)
2025-02-12 17:55:53 - INFO - Uploading results to cloud storage...
2025-02-12 17:56:01 - WARN - Operation 18 complete
2025-02-12 17:56:10 - INFO - Operation 146 complete
2025-02-12 17:56:35 - WARN - Downloading media...
2025-02-12 17:56:54 - ERROR - Connection to server lost, retrying...
2025-02-12 17:57:18 - ERROR - 100% |███████| 87/53 [7.0s elapsed, 0s remaining, 16.0 samples/s]
2025-02-12 17:57:26 - INFO - Uploading results to cloud storage...
2025-02-12 17:57:48 - ERROR - Processing error encountered: 85
2025-02-12 17:57:52 - ERROR - Running operation 161 (@voxel51/panels/compute_near_duplicates)
2025-02-12 17:57:55 - ERROR - Execution time exceeded threshold, optimizing...
2025-02-12 17:58:07 - INFO - Uploading results to cloud storage...
2025-02-12 17:58:09 - WARN - Processing error encountered: 3
2025-02-12 17:58:26 - INFO - Index complete
2025-02-12 17:58:36 - INFO - Flushing logs to gs://delegated-operator-logs/lanzhen-ephem/do_logs/16/31/16.log
2025-02-12 17:58:40 - ERROR - Connection to server lost, retrying...
2025-02-12 17:58:56 - INFO - Processing error encountered: 119
2025-02-12 17:59:15 - INFO - Generating index for 66 embeddings...
2025-02-12 17:59:33 - WARN - Downloading media...
2025-02-12 17:59:36 - WARN - Memory usage at 83%
2025-02-12 17:59:56 - WARN - Execution time exceeded threshold, optimizing...
2025-02-12 18:00:07 - WARN - Computing embeddings...
2025-02-12 18:00:17 - WARN - Index complete
2025-02-12 18:00:23 - ERROR - Connection to server lost, retrying...
2025-02-12 18:00:46 - WARN - Flushing logs to gs://delegated-operator-logs/lanzhen-ephem/do_logs/170/26/5.log
2025-02-12 18:00:51 - WARN - Operation 76 complete
2025-02-12 18:01:19 - INFO - Uploading results to cloud storage...
2025-02-12 18:01:46 - ERROR - Downloading media...
2025-02-12 18:02:11 - ERROR - 100% |███████| 140/63 [6.0s elapsed, 0s remaining, 6.7 samples/s]
2025-02-12 18:02:29 - WARN - Fetching additional metadata...
2025-02-12 18:02:38 - ERROR - Computing embeddings...
2025-02-12 18:02:55 - WARN - Memory usage at 6%
2025-02-12 18:03:02 - WARN - Execution time exceeded threshold, optimizing...
2025-02-12 18:03:12 - WARN - Generating index for 167 embeddings...
2025-02-12 18:03:34 - ERROR - Processing batch 106/6...
2025-02-12 18:03:49 - INFO - Memory usage at 36%
2025-02-12 18:04:06 - WARN - Memory usage at 165%
2025-02-12 18:04:19 - INFO - Downloading media...
2025-02-12 18:04:35 - ERROR - Uploading results to cloud storage...
2025-02-12 18:04:53 - ERROR - Downloading media...
2025-02-12 18:05:12 - ERROR - Computing embeddings...
2025-02-12 18:05:26 - WARN - Fetching additional metadata...
2025-02-12 18:05:53 - WARN - Operation 114 complete
2025-02-12 18:05:55 - WARN - Execution time exceeded threshold, optimizing...
2025-02-12 18:06:17 - ERROR - Processing error encountered: 7
2025-02-12 18:06:35 - INFO - Uploading results to cloud storage...
2025-02-12 18:06:48 - WARN - Computing embeddings...
2025-02-12 18:07:11 - INFO - Operation 53 complete
2025-02-12 18:07:31 - INFO - Flushing logs to gs://delegated-operator-logs/lanzhen-ephem/do_logs/106/56/2.log
2025-02-12 18:07:47 - WARN - Operation 92 complete
2025-02-12 18:08:15 - WARN - Running operation 94 (@voxel51/panels/compute_near_duplicates)
2025-02-12 18:08:42 - WARN - Uploading results to cloud storage...
2025-02-12 18:08:57 - WARN - Index complete
2025-02-12 18:09:10 - WARN - Execution time exceeded threshold, optimizing...
2025-02-12 18:09:11 - INFO - Memory usage at 166%
2025-02-12 18:09:31 - ERROR - Uploading results to cloud storage...
2025-02-12 18:09:57 - INFO - Running operation 119 (@voxel51/panels/compute_near_duplicates)
2025-02-12 18:10:15 - WARN - Fetching additional metadata...
2025-02-12 18:10:38 - WARN - Execution time exceeded threshold, optimizing...
2025-02-12 18:10:57 - INFO - Operation 148 complete
2025-02-12 18:11:15 - INFO - Running operation 82 (@voxel51/panels/compute_near_duplicates)
2025-02-12 18:11:29 - INFO - Index complete
2025-02-12 18:11:53 - ERROR - Memory usage at 22%
2025-02-12 18:11:56 - WARN - Generating index for 144 embeddings...
2025-02-12 18:12:14 - WARN - Connection to server lost, retrying...
2025-02-12 18:12:40 - ERROR - Operation 139 complete
2025-02-12 18:13:01 - INFO - Computing embeddings...
2025-02-12 18:13:21 - INFO - Downloading media...
2025-02-12 18:13:46 - INFO - Computing embeddings...
2025-02-12 18:13:56 - INFO - Flushing logs to gs://delegated-operator-logs/lanzhen-ephem/do_logs/174/131/3.log
2025-02-12 18:14:14 - WARN - Running operation 48 (@voxel51/panels/compute_near_duplicates)
2025-02-12 18:14:31 - INFO - Uploading results to cloud storage...
2025-02-12 18:14:38 - ERROR - 100% |███████| 142/150 [52.0s elapsed, 0s remaining, 5.0 samples/s]
2025-02-12 18:15:03 - ERROR - Uploading results to cloud storage...
2025-02-12 18:15:29 - ERROR - Connection to server lost, retrying...
2025-02-12 18:15:42 - WARN - Downloading media...
2025-02-12 18:16:11 - INFO - Memory usage at 163%
2025-02-12 18:16:20 - ERROR - Downloading media...
2025-02-12 18:16:27 - INFO - Downloading media...
2025-02-12 18:16:44 - INFO - Flushing logs to gs://delegated-operator-logs/lanzhen-ephem/do_logs/5/133/37.log
2025-02-12 18:17:01 - ERROR - Operation 1 complete
2025-02-12 18:17:16 - INFO - Connection to server lost, retrying...
2025-02-12 18:17:23 - ERROR - Index complete
2025-02-12 18:17:29 - WARN - Downloading media...
2025-02-12 18:17:50 - INFO - Running operation 156 (@voxel51/panels/compute_near_duplicates)
2025-02-12 18:17:53 - INFO - Generating index for 91 embeddings...
2025-02-12 18:18:00 - WARN - Uploading results to cloud storage...
2025-02-12 18:18:12 - INFO - Memory usage at 46%
2025-02-12 18:18:27 - INFO - Processing batch 199/48...
2025-02-12 18:18:54 - INFO - Operation 48 complete
2025-02-12 18:19:23 - WARN - Connection to server lost, retrying...
2025-02-12 18:19:37 - WARN - 100% |███████| 36/139 [47.0s elapsed, 0s remaining, 14.8 samples/s]
2025-02-12 18:20:02 - INFO - 100% |███████| 12/112 [46.0s elapsed, 0s remaining, 7.0 samples/s]
2025-02-12 18:20:03 - INFO - Operation 15 complete
2025-02-12 18:20:31 - WARN - Flushing logs to gs://delegated-operator-logs/lanzhen-ephem/do_logs/32/53/46.log
2025-02-12 18:21:00 - INFO - Generating index for 169 embeddings...
2025-02-12 18:21:18 - INFO - Running operation 48 (@voxel51/panels/compute_near_duplicates)
2025-02-12 18:21:41 - INFO - 100% |███████| 174/10 [38.0s elapsed, 0s remaining, 5.1 samples/s]
2025-02-12 18:21:44 - ERROR - Index complete
2025-02-12 18:21:48 - WARN - Fetching additional metadata...
2025-02-12 18:22:18 - ERROR - Execution time exceeded threshold, optimizing...
2025-02-12 18:22:37 - INFO - Downloading media...
2025-02-12 18:22:45 - INFO - Generating index for 126 embeddings...
2025-02-12 18:22:48 - ERROR - Index complete
2025-02-12 18:23:12 - INFO - Processing batch 184/100...
2025-02-12 18:23:38 - ERROR - Execution time exceeded threshold, optimizing...
2025-02-12 18:23:54 - INFO - Uploading results to cloud storage...
2025-02-12 18:24:21 - ERROR - Fetching additional metadata...
2025-02-12 18:24:23 - INFO - Connection to server lost, retrying...
2025-02-12 18:24:31 - WARN - Connection to server lost, retrying...
2025-02-12 18:24:54 - WARN - Execution time exceeded threshold, optimizing...
2025-02-12 18:25:00 - WARN - Connection to server lost, retrying...
2025-02-12 18:25:11 - INFO - Index complete
2025-02-12 18:25:21 - ERROR - Connection to server lost, retrying...
2025-02-12 18:25:45 - ERROR - Uploading results to cloud storage...
2025-02-12 18:25:48 - WARN - Generating index for 105 embeddings...
2025-02-12 18:25:59 - WARN - Running operation 110 (@voxel51/panels/compute_near_duplicates)
2025-02-12 18:26:13 - INFO - Downloading media...
2025-02-12 18:26:35 - WARN - Running operation 82 (@voxel51/panels/compute_near_duplicates)
2025-02-12 18:26:57 - ERROR - Processing error encountered: 134
2025-02-12 18:27:18 - ERROR - Processing error encountered: 175
2025-02-12 18:27:42 - ERROR - Downloading media...
2025-02-12 18:28:01 - WARN - Generating index for 100 embeddings...
2025-02-12 18:28:21 - ERROR - Processing batch 58/174...
2025-02-12 18:28:23 - ERROR - Processing batch 167/71...
2025-02-12 18:28:27 - INFO - Execution time exceeded threshold, optimizing...
2025-02-12 18:28:50 - INFO - Processing error encountered: 104
2025-02-12 18:29:12 - WARN - Execution time exceeded threshold, optimizing...
2025-02-12 18:29:13 - INFO - Flushing logs to gs://delegated-operator-logs/lanzhen-ephem/do_logs/32/49/6.log
2025-02-12 18:29:38 - INFO - Generating index for 23 embeddings...
2025-02-12 18:29:51 - INFO - Flushing logs to gs://delegated-operator-logs/lanzhen-ephem/do_logs/188/136/45.log
2025-02-12 18:30:13 - ERROR - Fetching additional metadata...
2025-02-12 18:30:22 - ERROR - Downloading media...
2025-02-12 18:30:39 - WARN - Execution time exceeded threshold, optimizing...
2025-02-12 18:30:57 - WARN - Flushing logs to gs://delegated-operator-logs/lanzhen-ephem/do_logs/10/196/50.log
2025-02-12 18:31:21 - WARN - Index complete
2025-02-12 18:31:28 - WARN - Flushing logs to gs://delegated-operator-logs/lanzhen-ephem/do_logs/81/119/4.log
2025-02-12 18:31:58 - ERROR - Uploading results to cloud storage...
2025-02-12 18:32:23 - ERROR - Downloading media...
2025-02-12 18:32:51 - ERROR - 100% |███████| 82/162 [31.0s elapsed, 0s remaining, 12.3 samples/s]
2025-02-12 18:33:20 - INFO - Connection to server lost, retrying...
2025-02-12 18:33:34 - ERROR - Fetching additional metadata...
2025-02-12 18:34:02 - WARN - Operation 158 complete
2025-02-12 18:34:12 - ERROR - Flushing logs to gs://delegated-operator-logs/lanzhen-ephem/do_logs/84/13/13.log
2025-02-12 18:34:17 - INFO - Execution time exceeded threshold, optimizing...
2025-02-12 18:34:44 - INFO - Generating index for 52 embeddings...
2025-02-12 18:35:05 - ERROR - Uploading results to cloud storage...
2025-02-12 18:35:12 - INFO - Operation 131 complete
2025-02-12 18:35:39 - WARN - Uploading results to cloud storage...
2025-02-12 18:35:41 - INFO - Operation 8 complete
2025-02-12 18:36:10 - WARN - Running operation 65 (@voxel51/panels/compute_near_duplicates)
2025-02-12 18:36:29 - INFO - Flushing logs to gs://delegated-operator-logs/lanzhen-ephem/do_logs/8/2/12.log
2025-02-12 18:36:38 - WARN - Execution time exceeded threshold, optimizing...
2025-02-12 18:36:40 - WARN - Generating index for 69 embeddings...
2025-02-12 18:36:53 - INFO - Index complete
2025-02-12 18:37:19 - INFO - Connection to server lost, retrying...
2025-02-12 18:37:33 - ERROR - Computing embeddings...
2025-02-12 18:38:03 - INFO - Processing batch 199/59...
2025-02-12 18:38:05 - INFO - Computing embeddings...
2025-02-12 18:38:26 - ERROR - Operation 110 complete
2025-02-12 18:38:52 - ERROR - Memory usage at 171%
2025-02-12 18:39:00 - INFO - Index complete
2025-02-12 18:39:20 - WARN - Fetching additional metadata...
2025-02-12 18:39:44 - ERROR - Index complete
2025-02-12 18:39:59 - ERROR - Running operation 110 (@voxel51/panels/compute_near_duplicates)
2025-02-12 18:40:10 - INFO - Computing embeddings...
2025-02-12 18:40:23 - INFO - 100% |███████| 47/123 [47.0s elapsed, 0s remaining, 11.5 samples/s]
2025-02-12 18:40:26 - WARN - Flushing logs to gs://delegated-operator-logs/lanzhen-ephem/do_logs/46/65/49.log
2025-02-12 18:40:27 - ERROR - Connection to server lost, retrying...
2025-02-12 18:40:44 - WARN - Execution time exceeded threshold, optimizing...
2025-02-12 18:41:02 - WARN - Operation 76 complete
2025-02-12 18:41:20 - INFO - Processing error encountered: 158
2025-02-12 18:41:39 - WARN - Index complete
2025-02-12 18:41:59 - ERROR - Running operation 54 (@voxel51/panels/compute_near_duplicates)
2025-02-12 18:42:08 - ERROR - Operation 38 complete
2025-02-12 18:42:24 - INFO - Running operation 71 (@voxel51/panels/compute_near_duplicates)
2025-02-12 18:42:28 - WARN - Processing batch 105/61...
2025-02-12 18:42:35 - WARN - Execution time exceeded threshold, optimizing...
2025-02-12 18:42:41 - INFO - Processing error encountered: 115
2025-02-12 18:43:06 - WARN - Downloading media...
2025-02-12 18:43:21 - INFO - Index complete
2025-02-12 18:43:23 - WARN - Processing error encountered: 29
2025-02-12 18:43:46 - ERROR - Memory usage at 126%
2025-02-12 18:43:50 - INFO - Computing embeddings...
2025-02-12 18:44:08 - INFO - Processing batch 71/182...
2025-02-12 18:44:35 - ERROR - Fetching additional metadata...
2025-02-12 18:44:37 - ERROR - Flushing logs to gs://delegated-operator-logs/lanzhen-ephem/do_logs/193/195/7.log
2025-02-12 18:44:48 - WARN - Downloading media...
2025-02-12 18:44:54 - WARN - Memory usage at 124%
2025-02-12 18:45:14 - INFO - Fetching additional metadata...
2025-02-12 18:45:22 - ERROR - Processing batch 10/4...
2025-02-12 18:45:52 - INFO - Generating index for 89 embeddings...
2025-02-12 18:46:15 - WARN - Index complete
2025-02-12 18:46:17 - WARN - Downloading media...
2025-02-12 18:46:45 - WARN - Computing embeddings...
2025-02-12 18:47:07 - WARN - Processing batch 15/100...
2025-02-12 18:47:25 - WARN - Execution time exceeded threshold, optimizing...
2025-02-12 18:47:36 - WARN - Index complete
2025-02-12 18:47:37 - WARN - Operation 93 complete
2025-02-12 18:48:01 - INFO - Flushing logs to gs://delegated-operator-logs/lanzhen-ephem/do_logs/87/40/50.log
2025-02-12 18:48:08 - INFO - Processing error encountered: 159
2025-02-12 18:48:28 - INFO - Connection to server lost, retrying...
2025-02-12 18:48:43 - INFO - Index complete
2025-02-12 18:48:50 - WARN - Computing embeddings...
2025-02-12 18:48:52 - WARN - Memory usage at 150%
2025-02-12 18:48:56 - WARN - Memory usage at 45%
2025-02-12 18:49:25 - WARN - Connection to server lost, retrying...
2025-02-12 18:49:53 - ERROR - Processing error encountered: 51
2025-02-12 18:50:07 - WARN - Generating index for 36 embeddings...
2025-02-12 18:50:16 - WARN - Processing error encountered: 8
2025-02-12 18:50:26 - WARN - Uploading results to cloud storage...
2025-02-12 18:50:45 - INFO - Connection to server lost, retrying...
2025-02-12 18:51:15 - WARN - Connection to server lost, retrying...
2025-02-12 18:51:41 - INFO - Execution time exceeded threshold, optimizing...
2025-02-12 18:51:51 - WARN - Uploading results to cloud storage...
2025-02-12 18:52:06 - INFO - Generating index for 45 embeddings...
2025-02-12 18:52:23 - ERROR - Running operation 85 (@voxel51/panels/compute_near_duplicates)
2025-02-12 18:52:42 - ERROR - Memory usage at 23%
2025-02-12 18:52:46 - WARN - Connection to server lost, retrying...
2025-02-12 18:53:12 - INFO - Generating index for 28 embeddings...
2025-02-12 18:53:22 - WARN - Memory usage at 85%
2025-02-12 18:53:44 - INFO - Processing batch 1/80...
2025-02-12 18:53:51 - WARN - Connection to server lost, retrying...
2025-02-12 18:54:18 - INFO - Processing batch 69/64...
2025-02-12 18:54:22 - INFO - Uploading results to cloud storage...
2025-02-12 18:54:49 - ERROR - Generating index for 54 embeddings...
2025-02-12 18:55:17 - INFO - Fetching additional metadata...
2025-02-12 18:55:45 - INFO - Generating index for 182 embeddings...
2025-02-12 18:56:13 - INFO - Generating index for 92 embeddings...
2025-02-12 18:56:22 - ERROR - Execution time exceeded threshold, optimizing...
2025-02-12 18:56:32 - WARN - Uploading results to cloud storage...
2025-02-12 18:56:33 - INFO - Processing batch 188/99...
2025-02-12 18:56:38 - ERROR - Processing error encountered: 112
2025-02-12 18:57:03 - INFO - Memory usage at 64%
2025-02-12 18:57:23 - WARN - Downloading media...
2025-02-12 18:57:50 - WARN - Connection to server lost, retrying...
2025-02-12 18:58:13 - WARN - Operation 83 complete
2025-02-12 18:58:31 - ERROR - Uploading results to cloud storage...
2025-02-12 18:58:47 - WARN - Downloading media...
2025-02-12 18:59:15 - INFO - Memory usage at 61%
2025-02-12 18:59:26 - WARN - Processing batch 72/88...
2025-02-12 18:59:47 - INFO - 100% |███████| 27/158 [27.0s elapsed, 0s remaining, 10.3 samples/s]
2025-02-12 19:00:03 - WARN - Operation 95 complete
2025-02-12 19:00:15 - INFO - Downloading media...
2025-02-12 19:00:24 - ERROR - Operation 4 complete
2025-02-12 19:00:30 - ERROR - 100% |███████| 183/87 [48.0s elapsed, 0s remaining, 8.8 samples/s]
2025-02-12 19:00:53 - INFO - Fetching additional metadata...
2025-02-12 19:01:09 - INFO - Operation 178 complete
2025-02-12 19:01:10 - ERROR - Downloading media...
2025-02-12 19:01:39 - WARN - Uploading results to cloud storage...
2025-02-12 19:02:07 - ERROR - Flushing logs to gs://delegated-operator-logs/lanzhen-ephem/do_logs/5/48/54.log
2025-02-12 19:02:27 - ERROR - Flushing logs to gs://delegated-operator-logs/lanzhen-ephem/do_logs/65/56/53.log
2025-02-12 19:02:57 - INFO - Execution time exceeded threshold, optimizing...
2025-02-12 19:03:23 - ERROR - Processing batch 148/20...
2025-02-12 19:03:45 - WARN - Uploading results to cloud storage...
2025-02-12 19:04:03 - ERROR - Uploading results to cloud storage...
2025-02-12 19:04:13 - WARN - Running operation 77 (@voxel51/panels/compute_near_duplicates)
2025-02-12 19:04:14 - WARN - Memory usage at 95%
2025-02-12 19:04:41 - INFO - Flushing logs to gs://delegated-operator-logs/lanzhen-ephem/do_logs/182/53/57.log
2025-02-12 19:05:01 - WARN - Operation 3 complete
2025-02-12 19:05:20 - INFO - Connection to server lost, retrying...
2025-02-12 19:05:33 - INFO - Computing embeddings...
2025-02-12 19:05:56 - WARN - Generating index for 34 embeddings...
2025-02-12 19:06:07 - ERROR - Connection to server lost, retrying...
2025-02-12 19:06:13 - WARN - Connection to server lost, retrying...
2025-02-12 19:06:42 - WARN - Operation 15 complete
2025-02-12 19:07:08 - INFO - Running operation 132 (@voxel51/panels/compute_near_duplicates)
2025-02-12 19:07:13 - INFO - Running operation 174 (@voxel51/panels/compute_near_duplicates)
2025-02-12 19:07:32 - ERROR - Processing error encountered: 199
2025-02-12 19:07:40 - WARN - Downloading media...
2025-02-12 19:07:55 - INFO - 100% |███████| 157/160 [16.0s elapsed, 0s remaining, 1.9 samples/s]
2025-02-12 19:08:07 - INFO - Fetching additional metadata...
2025-02-12 19:08:34 - INFO - Running operation 110 (@voxel51/panels/compute_near_duplicates)
2025-02-12 19:08:39 - INFO - Generating index for 169 embeddings...
2025-02-12 19:09:01 - WARN - Connection to server lost, retrying...
2025-02-12 19:09:04 - INFO - Downloading media...
2025-02-12 19:09:27 - WARN - Downloading media...
2025-02-12 19:09:30 - INFO - Processing error encountered: 67
2025-02-12 19:09:57 - INFO - Running operation 44 (@voxel51/panels/compute_near_duplicates)
2025-02-12 19:10:10 - WARN - Flushing logs to gs://delegated-operator-logs/lanzhen-ephem/do_logs/118/149/53.log
2025-02-12 19:10:37 - WARN - 100% |███████| 115/124 [35.0s elapsed, 0s remaining, 18.4 samples/s]
2025-02-12 19:11:03 - WARN - Flushing logs to gs://delegated-operator-logs/lanzhen-ephem/do_logs/70/128/46.log
2025-02-12 19:11:10 - WARN - Running operation 188 (@voxel51/panels/compute_near_duplicates)
2025-02-12 19:11:16 - INFO - Running operation 72 (@voxel51/panels/compute_near_duplicates)
2025-02-12 19:11:40 - INFO - Memory usage at 10%
2025-02-12 19:11:52 - INFO - Operation 42 complete
2025-02-12 19:11:55 - INFO - Memory usage at 87%
2025-02-12 19:12:10 - WARN - Downloading media...
2025-02-12 19:12:14 - WARN - Generating index for 144 embeddings...
2025-02-12 19:12:19 - WARN - Processing batch 176/179...
2025-02-12 19:12:37 - INFO - Processing batch 62/164...
2025-02-12 19:12:49 - WARN - Processing batch 169/64...
2025-02-12 19:13:17 - ERROR - Connection to server lost, retrying...
2025-02-12 19:13:18 - ERROR - Uploading results to cloud storage...
2025-02-12 19:13:48 - INFO - Processing error encountered: 27
2025-02-12 19:13:52 - WARN - Downloading media...
2025-02-12 19:14:09 - INFO - Execution time exceeded threshold, optimizing...
2025-02-12 19:14:30 - WARN - 100% |███████| 158/124 [13.0s elapsed, 0s remaining, 6.7 samples/s]
2025-02-12 19:14:38 - WARN - Index complete
2025-02-12 19:14:52 - WARN - Connection to server lost, retrying...
2025-02-12 19:15:18 - WARN - Execution time exceeded threshold, optimizing...
2025-02-12 19:15:45 - ERROR - Downloading media...
2025-02-12 19:16:05 - WARN - Generating index for 25 embeddings...
2025-02-12 19:16:13 - WARN - Computing embeddings...
2025-02-12 19:16:21 - ERROR - 100% |███████| 118/3 [7.0s elapsed, 0s remaining, 8.3 samples/s]
2025-02-12 19:16:24 - INFO - Execution time exceeded threshold, optimizing...
2025-02-12 19:16:44 - INFO - 100% |███████| 190/19 [15.0s elapsed, 0s remaining, 4.0 samples/s]
2025-02-12 19:17:07 - WARN - Fetching additional metadata...
2025-02-12 19:17:18 - ERROR - Processing batch 75/186...
2025-02-12 19:17:26 - WARN - Processing batch 97/163...
2025-02-12 19:17:56 - ERROR - Fetching additional metadata...
2025-02-12 19:18:16 - INFO - Running operation 90 (@voxel51/panels/compute_near_duplicates)
2025-02-12 19:18:20 - WARN - Operation 9 complete
2025-02-12 19:18:23 - INFO - Operation 131 complete
2025-02-12 19:18:46 - WARN - Processing batch 121/174...
2025-02-12 19:18:55 - INFO - Computing embeddings...
2025-02-12 19:19:18 - INFO - Processing batch 179/47...
2025-02-12 19:19:19 - WARN - Index complete
2025-02-12 19:19:28 - WARN - Memory usage at 96%
2025-02-12 19:19:35 - WARN - Execution time exceeded threshold, optimizing...
2025-02-12 19:19:50 - WARN - Fetching additional metadata...
2025-02-12 19:19:55 - ERROR - 100% |███████| 162/122 [7.0s elapsed, 0s remaining, 6.8 samples/s]
2025-02-12 19:19:57 - WARN - Fetching additional metadata...
2025-02-12 19:20:20 - WARN - Execution time exceeded threshold, optimizing...
2025-02-12 19:20:35 - ERROR - Memory usage at 96%
2025-02-12 19:21:02 - INFO - Processing error encountered: 4
2025-02-12 19:21:04 - WARN - Connection to server lost, retrying...
2025-02-12 19:21:26 - INFO - Fetching additional metadata...
2025-02-12 19:21:41 - ERROR - Processing batch 168/164...
2025-02-12 19:21:47 - ERROR - Flushing logs to gs://delegated-operator-logs/lanzhen-ephem/do_logs/149/148/30.log
2025-02-12 19:21:52 - INFO - Running operation 181 (@voxel51/panels/compute_near_duplicates)
2025-02-12 19:22:03 - ERROR - Processing error encountered: 140
2025-02-12 19:22:30 - ERROR - Flushing logs to gs://delegated-operator-logs/lanzhen-ephem/do_logs/59/58/38.log
2025-02-12 19:22:39 - ERROR - Running operation 37 (@voxel51/panels/compute_near_duplicates)
2025-02-12 19:23:02 - INFO - Flushing logs to gs://delegated-operator-logs/lanzhen-ephem/do_logs/93/143/38.log
2025-02-12 19:23:31 - INFO - Uploading results to cloud storage...
2025-02-12 19:23:38 - INFO - Processing error encountered: 157
2025-02-12 19:23:48 - WARN - Index complete
2025-02-12 19:24:15 - WARN - Generating index for 37 embeddings...
2025-02-12 19:24:29 - INFO - Execution time exceeded threshold, optimizing...
2025-02-12 19:24:49 - WARN - Connection to server lost, retrying...
2025-02-12 19:25:15 - INFO - Connection to server lost, retrying...
2025-02-12 19:25:38 - ERROR - Downloading media...
2025-02-12 19:25:45 - WARN - 100% |███████| 71/154 [6.0s elapsed, 0s remaining, 6.3 samples/s]
2025-02-12 19:26:06 - ERROR - Generating index for 96 embeddings...
2025-02-12 19:26:11 - INFO - Processing error encountered: 39
2025-02-12 19:26:37 - ERROR - Operation 31 complete
2025-02-12 19:27:02 - ERROR - 100% |███████| 119/170 [34.0s elapsed, 0s remaining, 17.0 samples/s]
2025-02-12 19:27:18 - WARN - Connection to server lost, retrying...
2025-02-12 19:27:46 - ERROR - Downloading media...
2025-02-12 19:27:58 - ERROR - Operation 75 complete
2025-02-12 19:28:24 - WARN - Running operation 53 (@voxel51/panels/compute_near_duplicates)
2025-02-12 19:28:26 - INFO - Flushing logs to gs://delegated-operator-logs/lanzhen-ephem/do_logs/29/141/23.log
2025-02-12 19:28:35 - WARN - 100% |███████| 92/30 [50.0s elapsed, 0s remaining, 1.4 samples/s]
2025-02-12 19:28:40 - ERROR - Operation 44 complete
2025-02-12 19:28:56 - INFO - Uploading results to cloud storage...
2025-02-12 19:29:13 - ERROR - Connection to server lost, retrying...
2025-02-12 19:29:22 - INFO - 100% |███████| 52/188 [43.0s elapsed, 0s remaining, 11.2 samples/s]
2025-02-12 19:29:23 - ERROR - Connection to server lost, retrying...
2025-02-12 19:29:50 - ERROR - Running operation 39 (@voxel51/panels/compute_near_duplicates)
2025-02-12 19:30:20 - INFO - Fetching additional metadata...
2025-02-12 19:30:32 - ERROR - Running operation 177 (@voxel51/panels/compute_near_duplicates)
2025-02-12 19:30:37 - WARN - Computing embeddings...
2025-02-12 19:31:01 - INFO - 100% |███████| 139/21 [5.0s elapsed, 0s remaining, 4.6 samples/s]
2025-02-12 19:31:24 - INFO - Uploading results to cloud storage...
2025-02-12 19:31:39 - WARN - Connection to server lost, retrying...
2025-02-12 19:31:50 - INFO - Fetching additional metadata...
2025-02-12 19:31:54 - WARN - Processing batch 29/100...
2025-02-12 19:31:57 - ERROR - 100% |███████| 166/56 [43.0s elapsed, 0s remaining, 1.5 samples/s]
2025-02-12 19:32:15 - WARN - Flushing logs to gs://delegated-operator-logs/lanzhen-ephem/do_logs/113/80/54.log
2025-02-12 19:32:24 - INFO - Fetching additional metadata...
2025-02-12 19:32:46 - WARN - Fetching additional metadata...
2025-02-12 19:33:10 - WARN - 100% |███████| 166/178 [15.0s elapsed, 0s remaining, 15.3 samples/s]
2025-02-12 19:33:35 - INFO - Fetching additional metadata...
2025-02-12 19:33:54 - ERROR - Processing error encountered: 115
2025-02-12 19:33:55 - ERROR - Processing error encountered: 103
2025-02-12 19:34:20 - ERROR - Memory usage at 162%
2025-02-12 19:34:29 - INFO - Downloading media...
2025-02-12 19:34:45 - ERROR - Execution time exceeded threshold, optimizing...
2025-02-12 19:35:05 - INFO - Processing error encountered: 9
2025-02-12 19:35:07 - ERROR - Downloading media...
2025-02-12 19:35:22 - INFO - Running operation 148 (@voxel51/panels/compute_near_duplicates)
2025-02-12 19:35:38 - INFO - Processing batch 31/145...
2025-02-12 19:35:54 - ERROR - Uploading results to cloud storage...
2025-02-12 19:36:12 - ERROR - Connection to server lost, retrying...
2025-02-12 19:36:35 - INFO - Fetching additional metadata...
2025-02-12 19:36:51 - ERROR - Execution time exceeded threshold, optimizing...
2025-02-12 19:36:52 - ERROR - Processing batch 8/128...
2025-02-12 19:37:16 - ERROR - Fetching additional metadata...
2025-02-12 19:37:37 - WARN - Running operation 102 (@voxel51/panels/compute_near_duplicates)
2025-02-12 19:38:04 - INFO - Index complete
2025-02-12 19:38:16 - INFO - Running operation 174 (@voxel51/panels/compute_near_duplicates)
2025-02-12 19:38:37 - ERROR - Index complete
2025-02-12 19:38:44 - INFO - Connection to server lost, retrying...
2025-02-12 19:39:01 - ERROR - 100% |███████| 41/175 [59.0s elapsed, 0s remaining, 13.6 samples/s]
2025-02-12 19:39:24 - WARN - Running operation 27 (@voxel51/panels/compute_near_duplicates)
2025-02-12 19:39:44 - INFO - 100% |███████| 47/54 [37.0s elapsed, 0s remaining, 12.9 samples/s]
2025-02-12 19:40:05 - ERROR - Running operation 129 (@voxel51/panels/compute_near_duplicates)
2025-02-12 19:40:26 - WARN - Generating index for 97 embeddings...
2025-02-12 19:40:53 - WARN - 100% |███████| 144/164 [55.0s elapsed, 0s remaining, 17.7 samples/s]
2025-02-12 19:41:16 - INFO - Operation 103 complete
2025-02-12 19:41:29 - INFO - Uploading results to cloud storage...
2025-02-12 19:41:43 - ERROR - Execution time exceeded threshold, optimizing...
2025-02-12 19:42:12 - INFO - Running operation 196 (@voxel51/panels/compute_near_duplicates)
2025-02-12 19:42:24 - ERROR - Operation 34 complete
2025-02-12 19:42:34 - INFO - Running operation 91 (@voxel51/panels/compute_near_duplicates)
2025-02-12 19:42:57 - WARN - Computing embeddings...
2025-02-12 19:43:18 - ERROR - 100% |███████| 198/27 [17.0s elapsed, 0s remaining, 7.2 samples/s]
2025-02-12 19:43:25 - WARN - Running operation 10 (@voxel51/panels/compute_near_duplicates)
2025-02-12 19:43:50 - WARN - Downloading media...
2025-02-12 19:44:10 - WARN - Running operation 53 (@voxel51/panels/compute_near_duplicates)
2025-02-12 19:44:22 - WARN - Computing embeddings...
2025-02-12 19:44:29 - ERROR - 100% |███████| 6/166 [28.0s elapsed, 0s remaining, 2.3 samples/s]
2025-02-12 19:44:40 - WARN - Execution time exceeded threshold, optimizing...
2025-02-12 19:44:46 - INFO - Generating index for 30 embeddings...
2025-02-12 19:44:53 - WARN - 100% |███████| 172/144 [51.0s elapsed, 0s remaining, 3.8 samples/s]
2025-02-12 19:45:11 - INFO - Flushing logs to gs://delegated-operator-logs/lanzhen-ephem/do_logs/81/36/41.log
2025-02-12 19:45:24 - WARN - Operation 32 complete
2025-02-12 19:45:28 - WARN - Index complete
2025-02-12 19:45:44 - INFO - Index complete
2025-02-12 19:45:50 - WARN - Fetching additional metadata...
2025-02-12 19:46:00 - INFO - Generating index for 20 embeddings...
2025-02-12 19:46:22 - INFO - Processing error encountered: 125
2025-02-12 19:46:25 - INFO - Uploading results to cloud storage...
2025-02-12 19:46:41 - WARN - Processing error encountered: 128
2025-02-12 19:46:59 - INFO - Flushing logs to gs://delegated-operator-logs/lanzhen-ephem/do_logs/40/76/26.log
2025-02-12 19:47:27 - INFO - Memory usage at 180%
2025-02-12 19:47:53 - ERROR - Memory usage at 159%
2025-02-12 19:48:08 - WARN - Uploading results to cloud storage...
2025-02-12 19:48:19 - ERROR - Fetching additional metadata...
2025-02-12 19:48:39 - INFO - Processing error encountered: 69
2025-02-12 19:48:51 - WARN - Connection to server lost, retrying...
2025-02-12 19:49:07 - ERROR - Generating index for 142 embeddings...
2025-02-12 19:49:30 - WARN - Execution time exceeded threshold, optimizing...
2025-02-12 19:49:57 - ERROR - Fetching additional metadata...
2025-02-12 19:50:23 - ERROR - Operation 172 complete
2025-02-12 19:50:38 - WARN - Running operation 50 (@voxel51/panels/compute_near_duplicates)
2025-02-12 19:50:52 - ERROR - Execution time exceeded threshold, optimizing...
2025-02-12 19:51:06 - ERROR - Fetching additional metadata...
2025-02-12 19:51:31 - ERROR - Uploading results to cloud storage...
2025-02-12 19:51:58 - WARN - Execution time exceeded threshold, optimizing...
2025-02-12 19:52:01 - WARN - Computing embeddings...
2025-02-12 19:52:21 - INFO - Flushing logs to gs://delegated-operator-logs/lanzhen-ephem/do_logs/165/121/21.log
2025-02-12 19:52:37 - INFO - Flushing logs to gs://delegated-operator-logs/lanzhen-ephem/do_logs/180/54/21.log
2025-02-12 19:52:48 - ERROR - Flushing logs to gs://delegated-operator-logs/lanzhen-ephem/do_logs/14/174/28.log
2025-02-12 19:52:57 - ERROR - Processing batch 113/50...
2025-02-12 19:53:04 - ERROR - Running operation 128 (@voxel51/panels/compute_near_duplicates)
2025-02-12 19:53:31 - WARN - Index complete
2025-02-12 19:53:43 - WARN - Operation 164 complete
2025-02-12 19:53:58 - INFO - Flushing logs to gs://delegated-operator-logs/lanzhen-ephem/do_logs/148/134/33.log
2025-02-12 19:54:11 - ERROR - Index complete
2025-02-12 19:54:31 - ERROR - Computing embeddings...
2025-02-12 19:54:39 - ERROR - Execution time exceeded threshold, optimizing...
2025-02-12 19:54:47 - INFO - Downloading media...
2025-02-12 19:54:49 - ERROR - Running operation 135 (@voxel51/panels/compute_near_duplicates)
2025-02-12 19:55:06 - WARN - Computing embeddings...
2025-02-12 19:55:25 - INFO - Generating index for 145 embeddings...
2025-02-12 19:55:29 - WARN - Fetching additional metadata...
2025-02-12 19:55:55 - ERROR - Flushing logs to gs://delegated-operator-logs/lanzhen-ephem/do_logs/38/131/23.log
2025-02-12 19:56:22 - INFO - Operation 37 complete
2025-02-12 19:56:24 - INFO - Memory usage at 4%
2025-02-12 19:56:46 - INFO - Processing error encountered: 52
2025-02-12 19:57:14 - INFO - Connection to server lost, retrying...
2025-02-12 19:57:43 - INFO - Downloading media...
2025-02-12 19:58:13 - ERROR - Memory usage at 88%
2025-02-12 19:58:32 - WARN - Generating index for 17 embeddings...
2025-02-12 19:58:36 - INFO - Fetching additional metadata...
2025-02-12 19:58:57 - INFO - Computing embeddings...
2025-02-12 19:59:25 - ERROR - Processing batch 129/51...
2025-02-12 19:59:34 - INFO - Operation 34 complete
2025-02-12 19:59:39 - WARN - Index complete
2025-02-12 19:59:55 - WARN - Running operation 194 (@voxel51/panels/compute_near_duplicates)
2025-02-12 20:00:09 - WARN - Processing error encountered: 115
2025-02-12 20:00:21 - WARN - Downloading media...
2025-02-12 20:00:31 - ERROR - Processing error encountered: 31
2025-02-12 20:00:51 - WARN - Generating index for 193 embeddings...
2025-02-12 20:00:52 - ERROR - Processing error encountered: 173
2025-02-12 20:01:05 - INFO - Running operation 47 (@voxel51/panels/compute_near_duplicates)
2025-02-12 20:01:20 - INFO - Processing batch 188/164...
2025-02-12 20:01:44 - WARN - Generating index for 133 embeddings...
2025-02-12 20:01:48 - WARN - Execution time exceeded threshold, optimizing...
2025-02-12 20:02:13 - INFO - Flushing logs to gs://delegated-operator-logs/lanzhen-ephem/do_logs/48/68/13.log
2025-02-12 20:02:16 - INFO - Generating index for 2 embeddings...
2025-02-12 20:02:38 - WARN - Generating index for 96 embeddings...
2025-02-12 20:02:47 - WARN - Computing embeddings...
2025-02-12 20:03:00 - ERROR - Memory usage at 101%
2025-02-12 20:03:07 - INFO - Uploading results to cloud storage...
2025-02-12 20:03:32 - INFO - 100% |███████| 8/157 [18.0s elapsed, 0s remaining, 11.7 samples/s]
2025-02-12 20:03:58 - INFO - Fetching additional metadata...
2025-02-12 20:04:07 - WARN - Generating index for 51 embeddings...
2025-02-12 20:04:14 - ERROR - 100% |███████| 159/139 [22.0s elapsed, 0s remaining, 4.9 samples/s]
2025-02-12 20:04:38 - ERROR - Fetching additional metadata...
2025-02-12 20:04:56 - WARN - Uploading results to cloud storage...
2025-02-12 20:05:24 - INFO - Downloading media...
2025-02-12 20:05:39 - INFO - Execution time exceeded threshold, optimizing...
2025-02-12 20:06:09 - ERROR - Flushing logs to gs://delegated-operator-logs/lanzhen-ephem/do_logs/138/127/43.log
2025-02-12 20:06:20 - ERROR - Computing embeddings...
2025-02-12 20:06:29 - ERROR - Generating index for 175 embeddings...
2025-02-12 20:06:35 - ERROR - Index complete
2025-02-12 20:06:46 - WARN - Processing batch 177/126...
2025-02-12 20:07:12 - ERROR - 100% |███████| 110/157 [42.0s elapsed, 0s remaining, 3.3 samples/s]
2025-02-12 20:07:21 - ERROR - Uploading results to cloud storage...
2025-02-12 20:07:51 - INFO - Generating index for 198 embeddings...
2025-02-12 20:08:03 - ERROR - Uploading results to cloud storage...
2025-02-12 20:08:16 - ERROR - Downloading media...
2025-02-12 20:08:37 - INFO - Generating index for 31 embeddings...
2025-02-12 20:09:03 - INFO - Processing batch 105/5...
2025-02-12 20:09:11 - WARN - Uploading results to cloud storage...
2025-02-12 20:09:32 - INFO - Index complete
2025-02-12 20:09:42 - WARN - Flushing logs to gs://delegated-operator-logs/lanzhen-ephem/do_logs/181/2/11.log
2025-02-12 20:10:07 - ERROR - Index complete
2025-02-12 20:10:22 - WARN - Operation 104 complete
2025-02-12 20:10:45 - WARN - Generating index for 27 embeddings...
2025-02-12 20:10:57 - INFO - Flushing logs to gs://delegated-operator-logs/lanzhen-ephem/do_logs/144/27/9.log
2025-02-12 20:11:23 - INFO - Operation 86 complete
2025-02-12 20:11:52 - INFO - Operation 162 complete
2025-02-12 20:11:57 - ERROR - Downloading media...
2025-02-12 20:12:07 - INFO - Processing error encountered: 185
2025-02-12 20:12:19 - ERROR - Processing error encountered: 140
2025-02-12 20:12:36 - INFO - Operation 17 complete
2025-02-12 20:12:38 - WARN - Computing embeddings...
2025-02-12 20:13:02 - ERROR - Operation 114 complete
2025-02-12 20:13:10 - WARN - Flushing logs to gs://delegated-operator-logs/lanzhen-ephem/do_logs/156/59/42.log
2025-02-12 20:13:13 - INFO - 100% |███████| 16/54 [1.0s elapsed, 0s remaining, 13.6 samples/s]
2025-02-12 20:13:33 - INFO - Downloading media...
2025-02-12 20:13:58 - INFO - Computing embeddings...
2025-02-12 20:14:05 - WARN - Processing batch 152/34...
2025-02-12 20:14:26 - INFO - Operation 194 complete
2025-02-12 20:14:45 - INFO - Processing error encountered: 134
2025-02-12 20:14:53 - ERROR - Flushing logs to gs://delegated-operator-logs/lanzhen-ephem/do_logs/30/36/49.log
2025-02-12 20:15:17 - INFO - Memory usage at 108%
2025-02-12 20:15:30 - INFO - Processing error encountered: 9
2025-02-12 20:15:49 - WARN - Downloading media...
2025-02-12 20:16:00 - WARN - Memory usage at 55%
2025-02-12 20:16:05 - WARN - Uploading results to cloud storage...
2025-02-12 20:16:13 - ERROR - Flushing logs to gs://delegated-operator-logs/lanzhen-ephem/do_logs/131/159/15.log
2025-02-12 20:16:33 - ERROR - Fetching additional metadata...
2025-02-12 20:16:41 - ERROR - Running operation 123 (@voxel51/panels/compute_near_duplicates)
2025-02-12 20:16:59 - INFO - Index complete
2025-02-12 20:17:02 - WARN - Memory usage at 146%
2025-02-12 20:17:05 - ERROR - Flushing logs to gs://delegated-operator-logs/lanzhen-ephem/do_logs/171/90/27.log
2025-02-12 20:17:30 - INFO - Operation 118 complete
2025-02-12 20:17:45 - WARN - 100% |███████| 44/27 [38.0s elapsed, 0s remaining, 5.6 samples/s]
2025-02-12 20:17:59 - INFO - Processing error encountered: 131
2025-02-12 20:18:21 - INFO - Index complete
2025-02-12 20:18:32 - WARN - Flushing logs to gs://delegated-operator-logs/lanzhen-ephem/do_logs/171/6/19.log
2025-02-12 20:18:41 - WARN - Index complete
2025-02-12 20:18:42 - WARN - Running operation 138 (@voxel51/panels/compute_near_duplicates)
2025-02-12 20:18:50 - INFO - Execution time exceeded threshold, optimizing...
2025-02-12 20:18:52 - WARN - Connection to server lost, retrying...
2025-02-12 20:19:16 - WARN - Operation 22 complete
2025-02-12 20:19:31 - ERROR - Processing error encountered: 121
2025-02-12 20:19:59 - ERROR - Running operation 182 (@voxel51/panels/compute_near_duplicates)
2025-02-12 20:20:16 - ERROR - Generating index for 188 embeddings...
2025-02-12 20:20:32 - INFO - Uploading results to cloud storage...
2025-02-12 20:20:38 - WARN - Memory usage at 66%
2025-02-12 20:20:40 - ERROR - Processing batch 88/158...
2025-02-12 20:20:47 - WARN - Execution time exceeded threshold, optimizing...
2025-02-12 20:21:13 - ERROR - Uploading results to cloud storage...
2025-02-12 20:21:20 - INFO - Execution time exceeded threshold, optimizing...
2025-02-12 20:21:33 - WARN - Processing error encountered: 83
2025-02-12 20:21:44 - ERROR - Uploading results to cloud storage...
2025-02-12 20:22:04 - ERROR - 100% |███████| 146/167 [14.0s elapsed, 0s remaining, 19.7 samples/s]
2025-02-12 20:22:14 - INFO - Operation 92 complete
2025-02-12 20:22:23 - ERROR - Generating index for 64 embeddings...
2025-02-12 20:22:50 - ERROR - Running operation 73 (@voxel51/panels/compute_near_duplicates)
2025-02-12 20:23:14 - WARN - Index complete
2025-02-12 20:23:18 - WARN - Connection to server lost, retrying...
2025-02-12 20:23:42 - INFO - Operation 184 complete
2025-02-12 20:24:00 - ERROR - Index complete
2025-02-12 20:24:06 - WARN - Computing embeddings...
2025-02-12 20:24:24 - WARN - Computing embeddings...
2025-02-12 20:24:47 - INFO - Uploading results to cloud storage...
2025-02-12 20:25:00 - WARN - Downloading media...
2025-02-12 20:25:10 - ERROR - Index complete
2025-02-12 20:25:19 - WARN - Execution time exceeded threshold, optimizing...
2025-02-12 20:25:41 - WARN - Operation 96 complete
2025-02-12 20:25:51 - ERROR - Memory usage at 78%
2025-02-12 20:25:52 - INFO - Downloading media...
2025-02-12 20:26:02 - WARN - Running operation 179 (@voxel51/panels/compute_near_duplicates)
2025-02-12 20:26:22 - WARN - 100% |███████| 183/37 [51.0s elapsed, 0s remaining, 17.7 samples/s]
2025-02-12 20:26:25 - INFO - Connection to server lost, retrying...
2025-02-12 20:26:41 - ERROR - Uploading results to cloud storage...
2025-02-12 20:27:07 - WARN - Generating index for 41 embeddings...
2025-02-12 20:27:23 - ERROR - Index complete
2025-02-12 20:27:27 - ERROR - Computing embeddings...
2025-02-12 20:27:29 - ERROR - Fetching additional metadata...
2025-02-12 20:27:58 - WARN - Memory usage at 15%
2025-02-12 20:28:01 - ERROR - Memory usage at 178%
2025-02-12 20:28:05 - INFO - 100% |███████| 192/177 [29.0s elapsed, 0s remaining, 17.3 samples/s]
2025-02-12 20:28:22 - INFO - Processing batch 6/79...
2025-02-12 20:28:44 - INFO - Flushing logs to gs://delegated-operator-logs/lanzhen-ephem/do_logs/173/160/3.log
2025-02-12 20:29:02 - INFO - Operation 93 complete
2025-02-12 20:29:31 - ERROR - Computing embeddings...
2025-02-12 20:30:01 - INFO - Processing error encountered: 139
2025-02-12 20:30:23 - ERROR - Index complete
2025-02-12 20:30:33 - WARN - Memory usage at 39%
2025-02-12 20:30:35 - WARN - Uploading results to cloud storage...
2025-02-12 20:31:01 - INFO - Uploading results to cloud storage...
2025-02-12 20:31:06 - ERROR - Execution time exceeded threshold, optimizing...
2025-02-12 20:31:20 - INFO - Uploading results to cloud storage...
2025-02-12 20:31:42 - ERROR - Processing batch 182/47...
2025-02-12 20:31:46 - INFO - Index complete
2025-02-12 20:32:03 - INFO - Flushing logs to gs://delegated-operator-logs/lanzhen-ephem/do_logs/25/161/11.log
2025-02-12 20:32:20 - INFO - Uploading results to cloud storage...
2025-02-12 20:32:22 - WARN - Computing embeddings...
2025-02-12 20:32:37 - INFO - Execution time exceeded threshold, optimizing...
2025-02-12 20:33:01 - INFO - Generating index for 101 embeddings...
2025-02-12 20:33:02 - WARN - Execution time exceeded threshold, optimizing...
2025-02-12 20:33:09 - INFO - Downloading media...
2025-02-12 20:33:22 - INFO - Connection to server lost, retrying...
2025-02-12 20:33:31 - WARN - Fetching additional metadata...
2025-02-12 20:33:56 - ERROR - Computing embeddings...
2025-02-12 20:34:10 - ERROR - 100% |███████| 87/167 [19.0s elapsed, 0s remaining, 3.1 samples/s]
2025-02-12 20:34:20 - WARN - 100% |███████| 68/121 [46.0s elapsed, 0s remaining, 18.7 samples/s]
2025-02-12 20:34:34 - INFO - Generating index for 1 embeddings...
2025-02-12 20:34:46 - WARN - Computing embeddings...
2025-02-12 20:35:01 - INFO - Operation 24 complete
2025-02-12 20:35:16 - INFO - Execution time exceeded threshold, optimizing...
2025-02-12 20:35:33 - WARN - Index complete
2025-02-12 20:36:00 - ERROR - Execution time exceeded threshold, optimizing...
2025-02-12 20:36:15 - INFO - Index complete
2025-02-12 20:36:32 - WARN - Running operation 78 (@voxel51/panels/compute_near_duplicates)
2025-02-12 20:36:33 - INFO - Connection to server lost, retrying...
2025-02-12 20:36:52 - ERROR - Execution time exceeded threshold, optimizing...
2025-02-12 20:36:53 - INFO - Operation 110 complete
2025-02-12 20:37:09 - WARN - Fetching additional metadata...
2025-02-12 20:37:15 - INFO - Operation 183 complete
2025-02-12 20:37:21 - WARN - Operation 103 complete
2025-02-12 20:37:27 - WARN - 100% |███████| 43/86 [48.0s elapsed, 0s remaining, 15.8 samples/s]
2025-02-12 20:37:28 - ERROR - Flushing logs to gs://delegated-operator-logs/lanzhen-ephem/do_logs/74/20/12.log
2025-02-12 20:37:35 - ERROR - Flushing logs to gs://delegated-operator-logs/lanzhen-ephem/do_logs/36/133/59.log
2025-02-12 20:37:58 - ERROR - Downloading media...
2025-02-12 20:37:59 - INFO - Index complete
2025-02-12 20:38:10 - ERROR - Connection to server lost, retrying...
2025-02-12 20:38:15 - INFO - Index complete
2025-02-12 20:38:37 - ERROR - Processing batch 70/24...
2025-02-12 20:38:55 - ERROR - Memory usage at 130%
2025-02-12 20:39:02 - WARN - Index complete
2025-02-12 20:39:08 - ERROR - Flushing logs to gs://delegated-operator-logs/lanzhen-ephem/do_logs/106/27/39.log
2025-02-12 20:39:10 - WARN - Connection to server lost, retrying...
2025-02-12 20:39:25 - INFO - 100% |███████| 22/42 [20.0s elapsed, 0s remaining, 5.0 samples/s]
2025-02-12 20:39:50 - ERROR - Flushing logs to gs://delegated-operator-logs/lanzhen-ephem/do_logs/32/64/7.log
2025-02-12 20:40:16 - ERROR - Computing embeddings...
2025-02-12 20:40:40 - ERROR - Processing error encountered: 110
2025-02-12 20:40:45 - INFO - 100% |███████| 82/124 [19.0s elapsed, 0s remaining, 4.4 samples/s]
2025-02-12 20:41:08 - ERROR - Processing error encountered: 122
2025-02-12 20:41:18 - INFO - Index complete
2025-02-12 20:41:21 - ERROR - Memory usage at 96%
2025-02-12 20:41:37 - ERROR - 100% |███████| 154/129 [26.0s elapsed, 0s remaining, 2.1 samples/s]
2025-02-12 20:41:43 - INFO - Memory usage at 141%
2025-02-12 20:42:02 - WARN - Running operation 134 (@voxel51/panels/compute_near_duplicates)
2025-02-12 20:42:17 - ERROR - 100% |███████| 105/30 [51.0s elapsed, 0s remaining, 15.4 samples/s]
2025-02-12 20:42:46 - WARN - Flushing logs to gs://delegated-operator-logs/lanzhen-ephem/do_logs/188/32/41.log
2025-02-12 20:43:02 - INFO - 100% |███████| 180/130 [39.0s elapsed, 0s remaining, 19.5 samples/s]
2025-02-12 20:43:32 - WARN - Connection to server lost, retrying...
2025-02-12 20:44:02 - ERROR - Uploading results to cloud storage...
2025-02-12 20:44:24 - INFO - Fetching additional metadata...
2025-02-12 20:44:51 - INFO - Processing error encountered: 98
2025-02-12 20:45:09 - INFO - Computing embeddings...
2025-02-12 20:45:18 - ERROR - Downloading media...
2025-02-12 20:45:25 - WARN - Generating index for 74 embeddings...
2025-02-12 20:45:35 - ERROR - Flushing logs to gs://delegated-operator-logs/lanzhen-ephem/do_logs/189/53/43.log
2025-02-12 20:46:03 - ERROR - Processing batch 97/61...
2025-02-12 20:46:13 - INFO - Computing embeddings...
2025-02-12 20:46:20 - ERROR - Fetching additional metadata...
2025-02-12 20:46:39 - ERROR - Connection to server lost, retrying...
2025-02-12 20:46:48 - INFO - Running operation 71 (@voxel51/panels/compute_near_duplicates)
2025-02-12 20:47:03 - ERROR - Computing embeddings...
2025-02-12 20:47:18 - INFO - Running operation 94 (@voxel51/panels/compute_near_duplicates)
2025-02-12 20:47:19 - WARN - Memory usage at 39%
2025-02-12 20:47:38 - ERROR - Operation 117 complete
2025-02-12 20:48:05 - INFO - Uploading results to cloud storage...
2025-02-12 20:48:35 - ERROR - Flushing logs to gs://delegated-operator-logs/lanzhen-ephem/do_logs/72/166/16.log
2025-02-12 20:48:51 - INFO - Operation 96 complete
2025-02-12 20:49:17 - WARN - Memory usage at 119%
2025-02-12 20:49:36 - INFO - Processing error encountered: 143
2025-02-12 20:49:43 - ERROR - Flushing logs to gs://delegated-operator-logs/lanzhen-ephem/do_logs/109/152/8.log
2025-02-12 20:50:09 - WARN - Connection to server lost, retrying...
2025-02-12 20:50:34 - INFO - Fetching additional metadata...
2025-02-12 20:50:58 - WARN - Downloading media...
2025-02-12 20:51:21 - INFO - Uploading results to cloud storage...
2025-02-12 20:51:42 - WARN - Processing batch 39/31...
2025-02-12 20:51:53 - INFO - Operation 190 complete
2025-02-12 20:52:05 - INFO - Downloading media...
2025-02-12 20:52:15 - WARN - Connection to server lost, retrying...
2025-02-12 20:52:42 - WARN - Flushing logs to gs://delegated-operator-logs/lanzhen-ephem/do_logs/46/45/15.log
2025-02-12 20:52:56 - INFO - 100% |███████| 43/123 [28.0s elapsed, 0s remaining, 17.9 samples/s]
2025-02-12 20:53:16 - WARN - Downloading media...
2025-02-12 20:53:42 - ERROR - Fetching additional metadata...
2025-02-12 20:53:51 - ERROR - Flushing logs to gs://delegated-operator-logs/lanzhen-ephem/do_logs/166/159/21.log
2025-02-12 20:54:18 - WARN - Computing embeddings...
2025-02-12 20:54:31 - WARN - Flushing logs to gs://delegated-operator-logs/lanzhen-ephem/do_logs/5/188/11.log
2025-02-12 20:54:47 - INFO - Memory usage at 155%
2025-02-12 20:54:56 - WARN - Downloading media...
2025-02-12 20:55:07 - ERROR - Computing embeddings...
2025-02-12 20:55:34 - WARN - 100% |███████| 112/200 [34.0s elapsed, 0s remaining, 4.4 samples/s]
2025-02-12 20:56:00 - ERROR - Processing batch 20/128...
2025-02-12 20:56:10 - ERROR - Execution time exceeded threshold, optimizing...
2025-02-12 20:56:14 - INFO - Connection to server lost, retrying...
2025-02-12 20:56:25 - INFO - Index complete
2025-02-12 20:56:27 - WARN - Index complete
2025-02-12 20:56:38 - INFO - Computing embeddings...
2025-02-12 20:56:50 - ERROR - Generating index for 102 embeddings...
2025-02-12 20:57:16 - INFO - Operation 102 complete
2025-02-12 20:57:34 - ERROR - Processing error encountered: 108
2025-02-12 20:57:44 - ERROR - Operation 170 complete
2025-02-12 20:57:55 - WARN - Generating index for 81 embeddings...
2025-02-12 20:58:22 - WARN - Connection to server lost, retrying...
2025-02-12 20:58:42 - INFO - Execution time exceeded threshold, optimizing...
2025-02-12 20:58:52 - WARN - Processing batch 56/81...
2025-02-12 20:58:55 - WARN - Flushing logs to gs://delegated-operator-logs/lanzhen-ephem/do_logs/69/91/17.log
2025-02-12 20:58:58 - ERROR - Running operation 87 (@voxel51/panels/compute_near_duplicates)
2025-02-12 20:59:28 - INFO - Running operation 130 (@voxel51/panels/compute_near_duplicates)
2025-02-12 20:59:51 - ERROR - Flushing logs to gs://delegated-operator-logs/lanzhen-ephem/do_logs/108/176/53.log
2025-02-12 21:00:03 - ERROR - Memory usage at 127%
2025-02-12 21:00:08 - WARN - 100% |███████| 91/142 [43.0s elapsed, 0s remaining, 17.2 samples/s]
2025-02-12 21:00:32 - ERROR - Operation 72 complete
2025-02-12 21:00:46 - INFO - Memory usage at 155%
2025-02-12 21:00:47 - ERROR - Processing error encountered: 150
2025-02-12 21:01:09 - WARN - Flushing logs to gs://delegated-operator-logs/lanzhen-ephem/do_logs/96/190/26.log
2025-02-12 21:01:29 - ERROR - Processing batch 117/168...
2025-02-12 21:01:46 - INFO - Operation 153 complete
2025-02-12 21:01:55 - WARN - Generating index for 49 embeddings...
2025-02-12 21:02:07 - ERROR - 100% |███████| 74/100 [22.0s elapsed, 0s remaining, 17.5 samples/s]
2025-02-12 21:02:20 - ERROR - Index complete
2025-02-12 21:02:45 - INFO - Fetching additional metadata...
2025-02-12 21:02:47 - WARN - Index complete
2025-02-12 21:03:16 - ERROR - Fetching additional metadata...
2025-02-12 21:03:45 - ERROR - Processing batch 81/39...
2025-02-12 21:04:09 - WARN - Processing batch 44/42...
2025-02-12 21:04:22 - WARN - Uploading results to cloud storage...
2025-02-12 21:04:44 - ERROR - Flushing logs to gs://delegated-operator-logs/lanzhen-ephem/do_logs/151/17/12.log
2025-02-12 21:04:53 - ERROR - Connection to server lost, retrying...
2025-02-12 21:05:00 - ERROR - Computing embeddings...
2025-02-12 21:05:26 - ERROR - Connection to server lost, retrying...
2025-02-12 21:05:39 - ERROR - Uploading results to cloud storage...
2025-02-12 21:05:46 - WARN - Index complete
2025-02-12 21:05:52 - ERROR - Downloading media...
2025-02-12 21:05:55 - WARN - Index complete
2025-02-12 21:05:56 - INFO - Generating index for 169 embeddings...
2025-02-12 21:06:13 - WARN - 100% |███████| 128/95 [55.0s elapsed, 0s remaining, 4.2 samples/s]
2025-02-12 21:06:27 - INFO - Processing error encountered: 38
2025-02-12 21:06:35 - WARN - Execution time exceeded threshold, optimizing...
2025-02-12 21:06:45 - ERROR - Processing error encountered: 117
2025-02-12 21:07:01 - WARN - Connection to server lost, retrying...
2025-02-12 21:07:29 - ERROR - Uploading results to cloud storage...
2025-02-12 21:07:41 - WARN - Running operation 22 (@voxel51/panels/compute_near_duplicates)
2025-02-12 21:08:06 - WARN - Connection to server lost, retrying...
2025-02-12 21:08:33 - INFO - Operation 200 complete
2025-02-12 21:08:49 - INFO - Operation 155 complete
2025-02-12 21:08:54 - WARN - Running operation 83 (@voxel51/panels/compute_near_duplicates)
2025-02-12 21:09:03 - ERROR - Downloading media...
2025-02-12 21:09:33 - INFO - 100% |███████| 179/42 [36.0s elapsed, 0s remaining, 8.3 samples/s]
2025-02-12 21:09:58 - ERROR - Execution time exceeded threshold, optimizing...
2025-02-12 21:10:25 - ERROR - Running operation 90 (@voxel51/panels/compute_near_duplicates)
2025-02-12 21:10:51 - WARN - Connection to server lost, retrying...
2025-02-12 21:11:18 - INFO - Running operation 76 (@voxel51/panels/compute_near_duplicates)
2025-02-12 21:11:39 - ERROR - Operation 149 complete
2025-02-12 21:12:01 - ERROR - Downloading media...
2025-02-12 21:12:26 - INFO - Connection to server lost, retrying...
2025-02-12 21:12:39 - WARN - Running operation 113 (@voxel51/panels/compute_near_duplicates)
2025-02-12 21:12:55 - ERROR - Operation 74 complete
2025-02-12 21:13:25 - INFO - 100% |███████| 127/87 [15.0s elapsed, 0s remaining, 8.5 samples/s]
2025-02-12 21:13:27 - WARN - 100% |███████| 183/196 [8.0s elapsed, 0s remaining, 8.2 samples/s]
2025-02-12 21:13:39 - ERROR - Processing batch 77/174...
2025-02-12 21:13:45 - ERROR - Operation 155 complete
2025-02-12 21:13:46 - ERROR - Processing batch 140/105...
2025-02-12 21:14:01 - ERROR - Computing embeddings...
2025-02-12 21:14:09 - INFO - Fetching additional metadata...
2025-02-12 21:14:22 - INFO - Execution time exceeded threshold, optimizing...
2025-02-12 21:14:33 - ERROR - Downloading media...
2025-02-12 21:14:54 - WARN - Memory usage at 121%
2025-02-12 21:15:04 - INFO - Generating index for 117 embeddings...
2025-02-12 21:15:08 - WARN - Running operation 17 (@voxel51/panels/compute_near_duplicates)
2025-02-12 21:15:21 - INFO - Running operation 59 (@voxel51/panels/compute_near_duplicates)
2025-02-12 21:15:44 - WARN - Generating index for 101 embeddings...
2025-02-12 21:16:14 - INFO - Connection to server lost, retrying...
2025-02-12 21:16:26 - WARN - Processing error encountered: 140
2025-02-12 21:16:46 - INFO - Memory usage at 174%
2025-02-12 21:17:05 - ERROR - Operation 189 complete
2025-02-12 21:17:31 - WARN - Running operation 122 (@voxel51/panels/compute_near_duplicates)
2025-02-12 21:17:35 - INFO - Index complete
2025-02-12 21:17:44 - WARN - Flushing logs to gs://delegated-operator-logs/lanzhen-ephem/do_logs/70/6/34.log
2025-02-12 21:18:13 - INFO - Processing error encountered: 148
2025-02-12 21:18:24 - ERROR - Processing batch 98/122...
2025-02-12 21:18:43 - ERROR - Computing embeddings...
2025-02-12 21:18:46 - INFO - Processing batch 191/153...
2025-02-12 21:19:01 - INFO - Memory usage at 171%
2025-02-12 21:19:13 - ERROR - Fetching additional metadata...
2025-02-12 21:19:17 - WARN - 100% |███████| 47/67 [17.0s elapsed, 0s remaining, 2.7 samples/s]
2025-02-12 21:19:40 - ERROR - Flushing logs to gs://delegated-operator-logs/lanzhen-ephem/do_logs/182/191/33.log
2025-02-12 21:20:10 - INFO - Processing error encountered: 44
2025-02-12 21:20:25 - ERROR - Operation 169 complete
2025-02-12 21:20:54 - ERROR - Generating index for 44 embeddings...
2025-02-12 21:21:24 - INFO - Index complete
2025-02-12 21:21:36 - INFO - Execution time exceeded threshold, optimizing...
2025-02-12 21:21:45 - INFO - Running operation 36 (@voxel51/panels/compute_near_duplicates)
2025-02-12 21:22:03 - INFO - Downloading media...
2025-02-12 21:22:08 - ERROR - Downloading media...
2025-02-12 21:22:33 - ERROR - Processing error encountered: 106
2025-02-12 21:22:40 - INFO - Fetching additional metadata...
2025-02-12 21:22:55 - ERROR - Connection to server lost, retrying...
2025-02-12 21:23:25 - WARN - Fetching additional metadata...
2025-02-12 21:23:34 - WARN - Processing batch 102/66...
2025-02-12 21:23:36 - ERROR - Processing batch 13/159...
2025-02-12 21:23:39 - INFO - Flushing logs to gs://delegated-operator-logs/lanzhen-ephem/do_logs/162/107/22.log
2025-02-12 21:23:44 - WARN - Processing batch 145/31...
2025-02-12 21:24:08 - ERROR - Flushing logs to gs://delegated-operator-logs/lanzhen-ephem/do_logs/60/63/58.log
2025-02-12 21:24:30 - WARN - Execution time exceeded threshold, optimizing...
2025-02-12 21:24:59 - INFO - Execution time exceeded threshold, optimizing...
2025-02-12 21:25:27 - ERROR - Connection to server lost, retrying...
2025-02-12 21:25:53 - ERROR - Generating index for 59 embeddings...
2025-02-12 21:26:02 - ERROR - Execution time exceeded threshold, optimizing...
2025-02-12 21:26:26 - ERROR - Memory usage at 43%
2025-02-12 21:26:46 - INFO - Fetching additional metadata...
2025-02-12 21:26:52 - INFO - Generating index for 56 embeddings...
2025-02-12 21:26:54 - ERROR - Fetching additional metadata...
2025-02-12 21:27:07 - INFO - Operation 96 complete
2025-02-12 21:27:31 - WARN - 100% |███████| 27/181 [41.0s elapsed, 0s remaining, 15.5 samples/s]
2025-02-12 21:27:32 - WARN - Uploading results to cloud storage...
2025-02-12 21:27:47 - WARN - Processing error encountered: 43
2025-02-12 21:27:57 - ERROR - 100% |███████| 45/176 [7.0s elapsed, 0s remaining, 15.2 samples/s]
2025-02-12 21:28:13 - WARN - Index complete
2025-02-12 21:28:18 - ERROR - Execution time exceeded threshold, optimizing...
2025-02-12 21:28:23 - WARN - Generating index for 103 embeddings...
2025-02-12 21:28:37 - ERROR - Fetching additional metadata...
2025-02-12 21:28:39 - WARN - Memory usage at 138%
2025-02-12 21:28:54 - ERROR - Downloading media...
2025-02-12 21:29:11 - ERROR - Downloading media...
2025-02-12 21:29:36 - WARN - Processing error encountered: 171
2025-02-12 21:29:51 - WARN - Uploading results to cloud storage...
2025-02-12 21:30:21 - INFO - Generating index for 163 embeddings...
2025-02-12 21:30:38 - ERROR - Uploading results to cloud storage...
2025-02-12 21:31:08 - WARN - Computing embeddings...
2025-02-12 21:31:16 - INFO - Flushing logs to gs://delegated-operator-logs/lanzhen-ephem/do_logs/14/174/40.log
2025-02-12 21:31:40 - INFO - Operation 84 complete
2025-02-12 21:31:56 - WARN - Memory usage at 148%
2025-02-12 21:32:12 - INFO - Operation 158 complete
2025-02-12 21:32:22 - ERROR - Fetching additional metadata...
2025-02-12 21:32:29 - ERROR - Operation 157 complete
2025-02-12 21:32:51 - INFO - Uploading results to cloud storage...
2025-02-12 21:32:55 - WARN - Computing embeddings...
2025-02-12 21:33:19 - ERROR - Processing batch 34/177...
2025-02-12 21:33:28 - WARN - Processing error encountered: 90
2025-02-12 21:33:51 - WARN - Generating index for 143 embeddings...
2025-02-12 21:34:15 - WARN - Execution time exceeded threshold, optimizing...
2025-02-12 21:34:37 - ERROR - Operation 115 complete
2025-02-12 21:34:40 - WARN - Flushing logs to gs://delegated-operator-logs/lanzhen-ephem/do_logs/125/200/58.log
2025-02-12 21:35:00 - INFO - 100% |███████| 149/183 [17.0s elapsed, 0s remaining, 6.8 samples/s]
2025-02-12 21:35:04 - WARN - Downloading media...
2025-02-12 21:35:27 - INFO - Generating index for 84 embeddings...
2025-02-12 21:35:55 - WARN - Connection to server lost, retrying...
2025-02-12 21:36:08 - ERROR - Computing embeddings...
2025-02-12 21:36:20 - ERROR - Computing embeddings...
2025-02-12 21:36:42 - ERROR - Fetching additional metadata...
2025-02-12 21:36:58 - ERROR - Generating index for 128 embeddings...
2025-02-12 21:37:27 - INFO - Computing embeddings...
2025-02-12 21:37:55 - INFO - Running operation 183 (@voxel51/panels/compute_near_duplicates)
2025-02-12 21:38:03 - WARN - Memory usage at 163%
2025-02-12 21:38:30 - ERROR - Downloading media...
2025-02-12 21:38:44 - ERROR - Generating index for 182 embeddings...
2025-02-12 21:38:52 - WARN - Fetching additional metadata...
